[ 2025-02-16 01:05:33,372 ] 97 werkzeug - INFO - [31m[1mWARNING: This is a development server. Do not use it in a production deployment. Use a production WSGI server instead.[0m
 * Running on all addresses (0.0.0.0)
 * Running on http://127.0.0.1:8080
 * Running on http://172.25.173.59:8080
[ 2025-02-16 01:05:33,372 ] 97 werkzeug - INFO - [33mPress CTRL+C to quit[0m
[ 2025-02-16 01:05:33,372 ] 97 werkzeug - INFO -  * Restarting with stat
[ 2025-02-16 12:23:39,301 ] 97 werkzeug - INFO -  * Restarting with stat
[ 2025-02-16 12:23:55,943 ] 97 werkzeug - INFO -  * Restarting with stat
[ 2025-02-16 12:24:05,913 ] 97 werkzeug - INFO -  * Restarting with stat
[ 2025-02-16 12:24:11,655 ] 97 werkzeug - INFO -  * Restarting with stat
[ 2025-02-16 12:24:25,529 ] 97 werkzeug - INFO -  * Restarting with stat
[ 2025-02-16 12:24:31,396 ] 97 werkzeug - INFO -  * Restarting with stat
[ 2025-02-16 12:24:34,257 ] 97 werkzeug - INFO -  * Restarting with stat
[ 2025-02-16 12:25:16,891 ] 97 werkzeug - INFO -  * Restarting with stat
[ 2025-02-16 12:25:22,706 ] 97 werkzeug - INFO -  * Restarting with stat
[ 2025-02-16 12:25:32,532 ] 97 werkzeug - INFO -  * Restarting with stat
[ 2025-02-16 12:26:09,205 ] 97 werkzeug - INFO -  * Restarting with stat
[ 2025-02-16 12:26:25,354 ] 97 werkzeug - INFO -  * Restarting with stat
[ 2025-02-16 12:26:35,067 ] 97 werkzeug - INFO -  * Restarting with stat
[ 2025-02-16 12:26:37,888 ] 97 werkzeug - INFO -  * Restarting with stat
[ 2025-02-16 12:26:40,678 ] 97 werkzeug - INFO -  * Restarting with stat
[ 2025-02-16 12:26:45,577 ] 97 werkzeug - INFO -  * Restarting with stat
[ 2025-02-16 12:27:21,200 ] 97 werkzeug - INFO -  * Restarting with stat
[ 2025-02-16 12:27:30,090 ] 97 werkzeug - INFO -  * Restarting with stat
[ 2025-02-16 12:27:32,939 ] 97 werkzeug - INFO -  * Restarting with stat
[ 2025-02-16 12:27:36,030 ] 97 werkzeug - INFO -  * Restarting with stat
[ 2025-02-16 12:27:40,028 ] 97 werkzeug - INFO -  * Restarting with stat
[ 2025-02-16 12:27:58,109 ] 97 werkzeug - INFO -  * Restarting with stat
[ 2025-02-16 12:28:13,140 ] 97 werkzeug - INFO -  * Restarting with stat
[ 2025-02-16 12:28:27,713 ] 97 werkzeug - INFO -  * Restarting with stat
[ 2025-02-16 12:28:31,588 ] 97 werkzeug - INFO -  * Restarting with stat
[ 2025-02-16 12:28:34,434 ] 97 werkzeug - INFO -  * Restarting with stat
